<?xml version="1.0" encoding="UTF-8"?>
<!-- Generated by org.testng.reporters.JUnitXMLReporter -->
<testsuite ignored="0" hostname="LTIN368543" failures="0" tests="7" name="ChromeTest" time="164.479" errors="0" timestamp="2024-05-07T14:40:59 IST">
  <testcase classname="testComponents.TC_001_FindingHospital" name="searchingHospital" time="16.665"/>
  <testcase classname="testComponents.TC_001_FindingHospital" name="gettingHospital" time="2.563"/>
  <testcase classname="testComponents.TC_002_SearchingDentists" name="searchingDentists" time="10.662"/>
  <testcase classname="testComponents.TC_002_SearchingDentists" name="gettingDentists" time="36.252"/>
  <testcase classname="testComponents.TC_003_DiagnosticsDetails" name="navigateToDiagnostics" time="8.638"/>
  <testcase classname="testComponents.TC_004_CorporateWellness_ValidDetails" name="openingCorporateWellness" time="24.703"/>
  <testcase classname="testComponents.TC_004_CorporateWellness_InvalidDetails" name="checkingInvalidDetails1" time="8.873"/>
</testsuite> <!-- ChromeTest -->
