<?xml version="1.0" encoding="UTF-8"?>
<!-- Generated by org.testng.reporters.JUnitXMLReporter -->
<testsuite ignored="0" hostname="LTIN520502" failures="0" tests="7" name="EdgeTest" time="146.362" errors="0" timestamp="2024-05-04T14:57:41 IST">
  <testcase classname="testComponents.TC_001_FindingHospital" name="searchingHospital" time="16.206"/>
  <testcase classname="testComponents.TC_001_FindingHospital" name="gettingHospital" time="2.77"/>
  <testcase classname="testComponents.TC_002_SearchingDentists" name="searchingDentists" time="8.512"/>
  <testcase classname="testComponents.TC_002_SearchingDentists" name="gettingDentists" time="34.249"/>
  <testcase classname="testComponents.TC_003_DiagnosticsDetails" name="navigatingToDiagnostics" time="6.042"/>
  <testcase classname="testComponents.TC_004_CorporateWellness_ValidDetails" name="openingCorporateWellness" time="14.069"/>
  <testcase classname="testComponents.TC_004_CorporateWellness_InvalidDetails" name="checkingInvalidDetails1" time="5.583"/>
</testsuite> <!-- EdgeTest -->
