<?xml version="1.0" encoding="UTF-8"?>
<testng-results ignored="0" total="7" passed="7" failed="0" skipped="0">
  <reporter-output>
  </reporter-output>
  <suite started-at="2024-05-07T14:38:14 IST" name="Suite" finished-at="2024-05-07T14:40:59 IST" duration-ms="164479">
    <groups>
    </groups>
    <test started-at="2024-05-07T14:38:14 IST" name="ChromeTest" finished-at="2024-05-07T14:40:59 IST" duration-ms="164479">
      <class name="testComponents.TC_004_CorporateWellness_ValidDetails">
        <test-method is-config="true" signature="setUpBrowser(java.lang.String,java.lang.String)[pri:0, instance:testComponents.TC_004_CorporateWellness_ValidDetails@609e8838]" started-at="2024-05-07T14:40:04 IST" name="setUpBrowser" finished-at="2024-05-07T14:40:13 IST" duration-ms="8483" status="PASS">
          <params>
            <param index="0">
              <value>
                <![CDATA[Chrome]]>
              </value>
            </param>
            <param index="1">
              <value>
                <![CDATA[https://practo.com/]]>
              </value>
            </param>
          </params>
          <reporter-output>
          </reporter-output>
        </test-method> <!-- setUpBrowser -->
        <test-method signature="openingCorporateWellness()[pri:0, instance:testComponents.TC_004_CorporateWellness_ValidDetails@609e8838]" started-at="2024-05-07T14:40:13 IST" name="openingCorporateWellness" finished-at="2024-05-07T14:40:37 IST" duration-ms="24703" status="PASS">
          <reporter-output>
          </reporter-output>
        </test-method> <!-- openingCorporateWellness -->
        <test-method is-config="true" signature="tearDown()[pri:0, instance:testComponents.TC_004_CorporateWellness_ValidDetails@609e8838]" started-at="2024-05-07T14:40:37 IST" name="tearDown" finished-at="2024-05-07T14:40:40 IST" duration-ms="2145" status="PASS">
          <reporter-output>
          </reporter-output>
        </test-method> <!-- tearDown -->
      </class> <!-- testComponents.TC_004_CorporateWellness_ValidDetails -->
      <class name="testComponents.TC_003_DiagnosticsDetails">
        <test-method is-config="true" signature="setUpBrowser(java.lang.String,java.lang.String)[pri:0, instance:testComponents.TC_003_DiagnosticsDetails@2b30a42c]" started-at="2024-05-07T14:39:45 IST" name="setUpBrowser" finished-at="2024-05-07T14:39:54 IST" duration-ms="8706" status="PASS">
          <params>
            <param index="0">
              <value>
                <![CDATA[Chrome]]>
              </value>
            </param>
            <param index="1">
              <value>
                <![CDATA[https://practo.com/]]>
              </value>
            </param>
          </params>
          <reporter-output>
          </reporter-output>
        </test-method> <!-- setUpBrowser -->
        <test-method signature="navigateToDiagnostics()[pri:1, instance:testComponents.TC_003_DiagnosticsDetails@2b30a42c]" started-at="2024-05-07T14:39:54 IST" name="navigateToDiagnostics" finished-at="2024-05-07T14:40:03 IST" duration-ms="8638" status="PASS">
          <reporter-output>
          </reporter-output>
        </test-method> <!-- navigateToDiagnostics -->
        <test-method is-config="true" signature="tearDown()[pri:0, instance:testComponents.TC_003_DiagnosticsDetails@2b30a42c]" started-at="2024-05-07T14:40:03 IST" name="tearDown" finished-at="2024-05-07T14:40:04 IST" duration-ms="1395" status="PASS">
          <reporter-output>
          </reporter-output>
        </test-method> <!-- tearDown -->
      </class> <!-- testComponents.TC_003_DiagnosticsDetails -->
      <class name="testComponents.TC_002_SearchingDentists">
        <test-method is-config="true" signature="setUpBrowser(java.lang.String,java.lang.String)[pri:0, instance:testComponents.TC_002_SearchingDentists@17fc391b]" started-at="2024-05-07T14:38:48 IST" name="setUpBrowser" finished-at="2024-05-07T14:38:56 IST" duration-ms="8665" status="PASS">
          <params>
            <param index="0">
              <value>
                <![CDATA[Chrome]]>
              </value>
            </param>
            <param index="1">
              <value>
                <![CDATA[https://practo.com/]]>
              </value>
            </param>
          </params>
          <reporter-output>
          </reporter-output>
        </test-method> <!-- setUpBrowser -->
        <test-method signature="searchingDentists()[pri:1, instance:testComponents.TC_002_SearchingDentists@17fc391b]" started-at="2024-05-07T14:38:56 IST" name="searchingDentists" finished-at="2024-05-07T14:39:07 IST" duration-ms="10662" status="PASS">
          <reporter-output>
          </reporter-output>
        </test-method> <!-- searchingDentists -->
        <test-method signature="gettingDentists()[pri:2, instance:testComponents.TC_002_SearchingDentists@17fc391b]" started-at="2024-05-07T14:39:07 IST" name="gettingDentists" finished-at="2024-05-07T14:39:43 IST" duration-ms="36252" status="PASS">
          <reporter-output>
          </reporter-output>
        </test-method> <!-- gettingDentists -->
        <test-method is-config="true" signature="tearDown()[pri:0, instance:testComponents.TC_002_SearchingDentists@17fc391b]" started-at="2024-05-07T14:39:43 IST" name="tearDown" finished-at="2024-05-07T14:39:45 IST" duration-ms="2036" status="PASS">
          <reporter-output>
          </reporter-output>
        </test-method> <!-- tearDown -->
      </class> <!-- testComponents.TC_002_SearchingDentists -->
      <class name="testComponents.TC_004_CorporateWellness_InvalidDetails">
        <test-method is-config="true" signature="setUpBrowser(java.lang.String,java.lang.String)[pri:0, instance:testComponents.TC_004_CorporateWellness_InvalidDetails@359df09a]" started-at="2024-05-07T14:40:40 IST" name="setUpBrowser" finished-at="2024-05-07T14:40:48 IST" duration-ms="8651" status="PASS">
          <params>
            <param index="0">
              <value>
                <![CDATA[Chrome]]>
              </value>
            </param>
            <param index="1">
              <value>
                <![CDATA[https://practo.com/]]>
              </value>
            </param>
          </params>
          <reporter-output>
          </reporter-output>
        </test-method> <!-- setUpBrowser -->
        <test-method signature="checkingInvalidDetails1()[pri:1, instance:testComponents.TC_004_CorporateWellness_InvalidDetails@359df09a]" started-at="2024-05-07T14:40:48 IST" name="checkingInvalidDetails1" finished-at="2024-05-07T14:40:57 IST" duration-ms="8873" status="PASS">
          <reporter-output>
          </reporter-output>
        </test-method> <!-- checkingInvalidDetails1 -->
        <test-method is-config="true" signature="tearDown()[pri:0, instance:testComponents.TC_004_CorporateWellness_InvalidDetails@359df09a]" started-at="2024-05-07T14:40:57 IST" name="tearDown" finished-at="2024-05-07T14:40:59 IST" duration-ms="1851" status="PASS">
          <reporter-output>
          </reporter-output>
        </test-method> <!-- tearDown -->
      </class> <!-- testComponents.TC_004_CorporateWellness_InvalidDetails -->
      <class name="testComponents.TC_001_FindingHospital">
        <test-method is-config="true" signature="setUpBrowser(java.lang.String,java.lang.String)[pri:0, instance:testComponents.TC_001_FindingHospital@247310d0]" started-at="2024-05-07T14:38:15 IST" name="setUpBrowser" finished-at="2024-05-07T14:38:26 IST" duration-ms="11596" status="PASS">
          <params>
            <param index="0">
              <value>
                <![CDATA[Chrome]]>
              </value>
            </param>
            <param index="1">
              <value>
                <![CDATA[https://practo.com/]]>
              </value>
            </param>
          </params>
          <reporter-output>
          </reporter-output>
        </test-method> <!-- setUpBrowser -->
        <test-method signature="searchingHospital()[pri:-1, instance:testComponents.TC_001_FindingHospital@247310d0]" started-at="2024-05-07T14:38:26 IST" name="searchingHospital" finished-at="2024-05-07T14:38:43 IST" duration-ms="16665" status="PASS">
          <reporter-output>
          </reporter-output>
        </test-method> <!-- searchingHospital -->
        <test-method signature="gettingHospital()[pri:2, instance:testComponents.TC_001_FindingHospital@247310d0]" started-at="2024-05-07T14:38:43 IST" name="gettingHospital" finished-at="2024-05-07T14:38:46 IST" duration-ms="2563" status="PASS">
          <reporter-output>
          </reporter-output>
        </test-method> <!-- gettingHospital -->
        <test-method is-config="true" signature="tearDown()[pri:0, instance:testComponents.TC_001_FindingHospital@247310d0]" started-at="2024-05-07T14:38:46 IST" name="tearDown" finished-at="2024-05-07T14:38:48 IST" duration-ms="2102" status="PASS">
          <reporter-output>
          </reporter-output>
        </test-method> <!-- tearDown -->
      </class> <!-- testComponents.TC_001_FindingHospital -->
    </test> <!-- ChromeTest -->
  </suite> <!-- Suite -->
</testng-results>
